C:\Users\PC\Desktop\last_proj\git_project\dist\out-tsc\models\supplier.model.js
C:\Users\PC\Desktop\last_proj\git_project\dist\out-tsc\models\supplier.model.js.map
C:\Users\PC\Desktop\last_proj\git_project\dist\out-tsc\models\rating.model.js
C:\Users\PC\Desktop\last_proj\git_project\dist\out-tsc\models\rating.model.js.map
C:\Users\PC\Desktop\last_proj\git_project\dist\out-tsc\models\product.model.js
C:\Users\PC\Desktop\last_proj\git_project\dist\out-tsc\models\product.model.js.map
C:\Users\PC\Desktop\last_proj\git_project\dist\out-tsc\models\configClasses.repository.js
C:\Users\PC\Desktop\last_proj\git_project\dist\out-tsc\models\configClasses.repository.js.map
C:\Users\PC\Desktop\last_proj\git_project\dist\out-tsc\models\repository.js
C:\Users\PC\Desktop\last_proj\git_project\dist\out-tsc\models\repository.js.map
C:\Users\PC\Desktop\last_proj\git_project\dist\out-tsc\app\app.component.js
C:\Users\PC\Desktop\last_proj\git_project\dist\out-tsc\app\app.component.js.map
C:\Users\PC\Desktop\last_proj\git_project\dist\out-tsc\models\cart.model.js
C:\Users\PC\Desktop\last_proj\git_project\dist\out-tsc\models\cart.model.js.map
C:\Users\PC\Desktop\last_proj\git_project\dist\out-tsc\models\model.module.js
C:\Users\PC\Desktop\last_proj\git_project\dist\out-tsc\models\model.module.js.map
C:\Users\PC\Desktop\last_proj\git_project\dist\out-tsc\app\store\productSelection.component.js
C:\Users\PC\Desktop\last_proj\git_project\dist\out-tsc\app\store\productSelection.component.js.map
C:\Users\PC\Desktop\last_proj\git_project\dist\out-tsc\app\app.routing.js
C:\Users\PC\Desktop\last_proj\git_project\dist\out-tsc\app\app.routing.js.map
C:\Users\PC\Desktop\last_proj\git_project\dist\out-tsc\app\store\cartSummary.component.js
C:\Users\PC\Desktop\last_proj\git_project\dist\out-tsc\app\store\cartSummary.component.js.map
C:\Users\PC\Desktop\last_proj\git_project\dist\out-tsc\app\store\categoryFilter.component.js
C:\Users\PC\Desktop\last_proj\git_project\dist\out-tsc\app\store\categoryFilter.component.js.map
C:\Users\PC\Desktop\last_proj\git_project\dist\out-tsc\app\store\pagination.component.js
C:\Users\PC\Desktop\last_proj\git_project\dist\out-tsc\app\store\pagination.component.js.map
C:\Users\PC\Desktop\last_proj\git_project\dist\out-tsc\app\store\productList.component.js
C:\Users\PC\Desktop\last_proj\git_project\dist\out-tsc\app\store\productList.component.js.map
C:\Users\PC\Desktop\last_proj\git_project\dist\out-tsc\app\store\ratings.component.js
C:\Users\PC\Desktop\last_proj\git_project\dist\out-tsc\app\store\ratings.component.js.map
C:\Users\PC\Desktop\last_proj\git_project\dist\out-tsc\app\store\store.module.js
C:\Users\PC\Desktop\last_proj\git_project\dist\out-tsc\app\store\store.module.js.map
C:\Users\PC\Desktop\last_proj\git_project\dist\out-tsc\app\app.module.js
C:\Users\PC\Desktop\last_proj\git_project\dist\out-tsc\app\app.module.js.map
C:\Users\PC\Desktop\last_proj\git_project\dist\out-tsc\boot.js
C:\Users\PC\Desktop\last_proj\git_project\dist\out-tsc\boot.js.map
C:\Users\PC\Desktop\last_proj\git_project\dist\out-tsc\environments\environment.js
C:\Users\PC\Desktop\last_proj\git_project\dist\out-tsc\environments\environment.js.map
C:\Users\PC\Desktop\last_proj\git_project\dist\out-tsc\main.js
C:\Users\PC\Desktop\last_proj\git_project\dist\out-tsc\main.js.map
C:\Users\PC\Desktop\last_proj\git_project\dist\out-tsc\polyfills.js
C:\Users\PC\Desktop\last_proj\git_project\dist\out-tsc\polyfills.js.map
C:\Users\PC\Desktop\last_proj\git_project\dist\out-tsc\test.js
C:\Users\PC\Desktop\last_proj\git_project\dist\out-tsc\test.js.map
C:\Users\PC\Desktop\last_proj\git_project\dist\out-tsc\environments\environment.prod.js
C:\Users\PC\Desktop\last_proj\git_project\dist\out-tsc\environments\environment.prod.js.map
C:\Users\PC\Desktop\last_proj\git_project\dist\out-tsc\app\structure\categoryFilter.component.js
C:\Users\PC\Desktop\last_proj\git_project\dist\out-tsc\app\structure\categoryFilter.component.js.map
C:\Users\PC\Desktop\last_proj\git_project\dist\out-tsc\app\structure\productDetail.component.js
C:\Users\PC\Desktop\last_proj\git_project\dist\out-tsc\app\structure\productDetail.component.js.map
C:\Users\PC\Desktop\last_proj\git_project\dist\out-tsc\app\structure\productTable.component.js
C:\Users\PC\Desktop\last_proj\git_project\dist\out-tsc\app\structure\productTable.component.js.map
